2024-09-04 08:34:44,556 - INFO - [31m[1mWARNING: This is a development server. Do not use it in a production deployment. Use a production WSGI server instead.[0m
 * Running on http://127.0.0.1:5000
2024-09-04 08:34:44,556 - INFO - [33mPress CTRL+C to quit[0m
2024-09-04 08:34:44,559 - INFO -  * Restarting with stat
2024-09-04 08:34:46,087 - WARNING -  * Debugger is active!
2024-09-04 08:34:46,112 - INFO -  * Debugger PIN: 802-984-725
2024-09-04 08:34:59,127 - INFO - Endpoint: /shipments | User: emanuel2 | Success: True | Message: Nuevo envío creado.
2024-09-04 08:34:59,182 - INFO - 127.0.0.1 - - [04/Sep/2024 08:34:59] "[35m[1mPOST /api/v1/shipments HTTP/1.1[0m" 201 -
2024-09-27 10:28:24,796 - INFO - [31m[1mWARNING: This is a development server. Do not use it in a production deployment. Use a production WSGI server instead.[0m
 * Running on http://127.0.0.1:5000
2024-09-27 10:28:24,804 - INFO - [33mPress CTRL+C to quit[0m
2024-09-27 10:28:24,812 - INFO -  * Restarting with stat
2024-09-27 10:28:26,235 - WARNING -  * Debugger is active!
2024-09-27 10:28:26,240 - INFO -  * Debugger PIN: 692-093-490
2024-09-27 10:29:54,713 - INFO - Endpoint: /login | User: Unknown | Success: True | Message: Token generado para emanuel2.
2024-09-27 10:29:54,714 - INFO - 127.0.0.1 - - [27/Sep/2024 10:29:54] "POST /api/v1/login HTTP/1.1" 200 -
2024-09-27 10:30:23,739 - INFO - Endpoint: /shipments | User: emanuel2 | Success: True | Message: Nuevo envío creado.
2024-09-27 10:30:23,791 - INFO - 127.0.0.1 - - [27/Sep/2024 10:30:23] "[35m[1mPOST /api/v1/shipments HTTP/1.1[0m" 201 -
2024-09-27 10:41:21,466 - INFO - [31m[1mWARNING: This is a development server. Do not use it in a production deployment. Use a production WSGI server instead.[0m
 * Running on http://127.0.0.1:5000
2024-09-27 10:41:21,466 - INFO - [33mPress CTRL+C to quit[0m
2024-09-27 10:41:21,467 - INFO -  * Restarting with stat
2024-09-27 10:41:22,934 - WARNING -  * Debugger is active!
2024-09-27 10:41:22,943 - INFO -  * Debugger PIN: 692-093-490
2024-09-27 10:47:26,087 - INFO - Endpoint: /shipments | User: emanuel2 | Success: True | Message: Nuevo envío creado.
2024-09-27 10:47:26,140 - INFO - 127.0.0.1 - - [27/Sep/2024 10:47:26] "[35m[1mPOST /api/v1/shipments HTTP/1.1[0m" 201 -
2024-09-27 10:59:32,486 - INFO -  * Detected change in 'Q:\\Github\\Python\\ZAM-SCP\\app\\resources.py', reloading
2024-09-27 10:59:32,699 - INFO -  * Restarting with stat
2024-09-27 10:59:34,378 - WARNING -  * Debugger is active!
2024-09-27 10:59:34,386 - INFO -  * Debugger PIN: 692-093-490
2024-09-27 10:59:39,268 - INFO - [31m[1mWARNING: This is a development server. Do not use it in a production deployment. Use a production WSGI server instead.[0m
 * Running on http://127.0.0.1:5000
2024-09-27 10:59:39,268 - INFO - [33mPress CTRL+C to quit[0m
2024-09-27 10:59:39,271 - INFO -  * Restarting with stat
2024-09-27 10:59:40,840 - WARNING -  * Debugger is active!
2024-09-27 10:59:40,846 - INFO -  * Debugger PIN: 692-093-490
2024-09-27 10:59:47,036 - INFO - Endpoint: /shipments | User: emanuel2 | Success: True | Message: Nuevo envío creado.
2024-09-27 10:59:47,088 - INFO - 127.0.0.1 - - [27/Sep/2024 10:59:47] "[35m[1mPOST /api/v1/shipments HTTP/1.1[0m" 201 -
2024-09-27 11:00:04,152 - INFO - Endpoint: /shipments | User: emanuel2 | Success: True | Message: Nuevo envío creado.
2024-09-27 11:00:04,204 - INFO - 127.0.0.1 - - [27/Sep/2024 11:00:04] "[35m[1mPOST /api/v1/shipments HTTP/1.1[0m" 201 -
2024-09-27 11:05:36,777 - INFO -  * Detected change in 'Q:\\Github\\Python\\ZAM-SCP\\config.py', reloading
2024-09-27 11:05:36,912 - INFO -  * Restarting with stat
2024-09-27 11:05:38,638 - WARNING -  * Debugger is active!
2024-09-27 11:05:38,643 - INFO -  * Debugger PIN: 692-093-490
2024-09-27 11:05:46,124 - INFO -  * Detected change in 'Q:\\Github\\Python\\ZAM-SCP\\run.py', reloading
2024-09-27 11:05:46,322 - INFO -  * Restarting with stat
2024-09-27 11:05:47,929 - WARNING -  * Debugger is active!
2024-09-27 11:05:47,937 - INFO -  * Debugger PIN: 692-093-490
2024-09-27 11:05:57,584 - INFO -  * Detected change in 'Q:\\Github\\Python\\ZAM-SCP\\app\\__init__.py', reloading
2024-09-27 11:05:57,784 - INFO -  * Restarting with stat
2024-09-27 11:05:59,453 - WARNING -  * Debugger is active!
2024-09-27 11:05:59,461 - INFO -  * Debugger PIN: 692-093-490
2024-09-27 11:06:05,862 - INFO -  * Detected change in 'Q:\\Github\\Python\\ZAM-SCP\\app\\extensions.py', reloading
2024-09-27 11:06:06,004 - INFO -  * Restarting with stat
2024-09-27 11:06:07,677 - WARNING -  * Debugger is active!
2024-09-27 11:06:07,685 - INFO -  * Debugger PIN: 692-093-490
2024-09-27 11:06:16,189 - INFO -  * Detected change in 'Q:\\Github\\Python\\ZAM-SCP\\app\\models.py', reloading
2024-09-27 11:06:16,409 - INFO -  * Restarting with stat
2024-09-27 11:07:11,706 - INFO - [31m[1mWARNING: This is a development server. Do not use it in a production deployment. Use a production WSGI server instead.[0m
 * Running on http://127.0.0.1:5000
2024-09-27 11:07:11,706 - INFO - [33mPress CTRL+C to quit[0m
2024-09-27 11:07:11,708 - INFO -  * Restarting with stat
2024-09-27 11:07:13,361 - WARNING -  * Debugger is active!
2024-09-27 11:07:13,367 - INFO -  * Debugger PIN: 692-093-490
2024-09-27 11:07:35,557 - INFO -  * Detected change in 'Q:\\Github\\Python\\ZAM-SCP\\config.py', reloading
2024-09-27 11:07:35,683 - INFO -  * Restarting with stat
2024-09-27 11:07:37,244 - WARNING -  * Debugger is active!
2024-09-27 11:07:37,250 - INFO -  * Debugger PIN: 692-093-490
2024-09-27 11:07:48,905 - INFO -  * Detected change in 'Q:\\Github\\Python\\ZAM-SCP\\run.py', reloading
2024-09-27 11:07:49,044 - INFO -  * Restarting with stat
2024-09-27 11:07:50,630 - WARNING -  * Debugger is active!
2024-09-27 11:07:50,635 - INFO -  * Debugger PIN: 692-093-490
2024-09-27 11:08:02,308 - INFO -  * Detected change in 'Q:\\Github\\Python\\ZAM-SCP\\app\\__init__.py', reloading
2024-09-27 11:08:02,426 - INFO -  * Restarting with stat
2024-09-27 11:08:03,892 - WARNING -  * Debugger is active!
2024-09-27 11:08:03,899 - INFO -  * Debugger PIN: 692-093-490
2024-09-27 11:08:13,456 - INFO -  * Detected change in 'Q:\\Github\\Python\\ZAM-SCP\\app\\extensions.py', reloading
2024-09-27 11:08:13,568 - INFO -  * Restarting with stat
2024-09-27 11:08:15,064 - WARNING -  * Debugger is active!
2024-09-27 11:08:15,070 - INFO -  * Debugger PIN: 692-093-490
2024-09-27 11:08:59,261 - INFO -  * Detected change in 'Q:\\Github\\Python\\ZAM-SCP\\app\\models.py', reloading
2024-09-27 11:08:59,373 - INFO -  * Restarting with stat
2024-09-27 11:10:20,898 - INFO - [31m[1mWARNING: This is a development server. Do not use it in a production deployment. Use a production WSGI server instead.[0m
 * Running on http://127.0.0.1:5000
2024-09-27 11:10:20,900 - INFO - [33mPress CTRL+C to quit[0m
2024-09-27 11:10:20,900 - INFO -  * Restarting with stat
2024-09-27 11:10:22,406 - WARNING -  * Debugger is active!
2024-09-27 11:10:22,412 - INFO -  * Debugger PIN: 692-093-490
2024-09-27 11:10:34,074 - INFO -  * Detected change in 'Q:\\Github\\Python\\ZAM-SCP\\app\\resources.py', reloading
2024-09-27 11:10:34,182 - INFO -  * Restarting with stat
2024-09-27 11:10:35,634 - WARNING -  * Debugger is active!
2024-09-27 11:10:35,640 - INFO -  * Debugger PIN: 692-093-490
2024-09-27 11:10:45,180 - INFO -  * Detected change in 'Q:\\Github\\Python\\ZAM-SCP\\app\\utils.py', reloading
2024-09-27 11:10:45,296 - INFO -  * Restarting with stat
2024-09-27 11:10:46,753 - WARNING -  * Debugger is active!
2024-09-27 11:10:46,758 - INFO -  * Debugger PIN: 692-093-490
